<?xml version="1.0" encoding="UTF-8"?>
<testng-results skipped="0" failed="0" total="1" passed="1">
  <reporter-output>
  </reporter-output>
  <suite name="Surefire suite" duration-ms="21023" started-at="2020-07-25T10:11:49Z" finished-at="2020-07-25T10:12:10Z">
    <groups>
      <group name="cucumber">
        <method signature="TestRunner.feature(cucumber.api.testng.CucumberFeatureWrapper)[pri:0, instance:Runners.TestRunner@2096442d]" name="feature" class="Runners.TestRunner"/>
      </group> <!-- cucumber -->
    </groups>
    <test name="Surefire test" duration-ms="21023" started-at="2020-07-25T10:11:49Z" finished-at="2020-07-25T10:12:10Z">
      <class name="Runners.TestRunner">
        <test-method status="PASS" signature="setUpClass()[pri:0, instance:Runners.TestRunner@2096442d]" name="setUpClass" is-config="true" duration-ms="200" started-at="2020-07-25T11:11:49Z" finished-at="2020-07-25T11:11:49Z">
          <reporter-output>
          </reporter-output>
        </test-method> <!-- setUpClass -->
        <test-method status="PASS" signature="feature(cucumber.api.testng.CucumberFeatureWrapper)[pri:0, instance:Runners.TestRunner@2096442d]" name="feature" duration-ms="20736" started-at="2020-07-25T11:11:49Z" description="Runs Cucumber Feature" data-provider="features" finished-at="2020-07-25T11:12:10Z">
          <params>
            <param index="0">
              <value>
                <![CDATA[I want to login into my account to purchase an item]]>
              </value>
            </param>
          </params>
          <reporter-output>
          </reporter-output>
        </test-method> <!-- feature -->
        <test-method status="PASS" signature="tearDownClass()[pri:0, instance:Runners.TestRunner@2096442d]" name="tearDownClass" is-config="true" duration-ms="15" started-at="2020-07-25T11:12:10Z" finished-at="2020-07-25T11:12:10Z">
          <reporter-output>
          </reporter-output>
        </test-method> <!-- tearDownClass -->
      </class> <!-- Runners.TestRunner -->
    </test> <!-- Surefire test -->
  </suite> <!-- Surefire suite -->
</testng-results>
